Vivado Simulator 2019.1
Copyright 1986-1999, 2001-2019 Xilinx, Inc. All Rights Reserved.
Running: C:/Xilinx/Vivado/2019.1/bin/unwrapped/win64.o/xelab.exe -wto fe44a71eeb5f454bb8d018f7f310a1fc --incr --debug typical --relax --mt 2 -L xil_defaultlib -L secureip --snapshot datapath_tb_behav xil_defaultlib.datapath_tb -log elaborate.log 
Using 2 slave threads.
Starting static elaboration
Completed static elaboration
Starting simulation data flow analysis
Completed simulation data flow analysis
Time Resolution for simulation is 1ps
Compiling package std.standard
Compiling package std.textio
Compiling package ieee.std_logic_1164
Compiling package ieee.numeric_std
Compiling package ieee.std_logic_arith
Compiling package ieee.std_logic_unsigned
Compiling architecture behavioral of entity xil_defaultlib.reg [reg_default]
Compiling architecture behavioral of entity xil_defaultlib.decoder3to8 [decoder3to8_default]
Compiling architecture behavioural of entity xil_defaultlib.mux_forRegister [mux_forregister_default]
Compiling architecture behavioral of entity xil_defaultlib.register_file [register_file_default]
Compiling architecture dataflow of entity xil_defaultlib.full_adder [full_adder_default]
Compiling architecture dataflow of entity xil_defaultlib.ripple_adder_16bit [ripple_adder_16bit_default]
Compiling architecture dataflow of entity xil_defaultlib.Arithmatic_Circuit [arithmatic_circuit_default]
Compiling architecture behavioral of entity xil_defaultlib.mux_4to1 [mux_4to1_default]
Compiling architecture behavioral of entity xil_defaultlib.Logical_Circuit [logical_circuit_default]
Compiling architecture behavioral of entity xil_defaultlib.mux_2to1 [mux_2to1_default]
Compiling architecture dataflow of entity xil_defaultlib.ALU [alu_default]
Compiling architecture behavioral of entity xil_defaultlib.mux_shifter [mux_shifter_default]
Compiling architecture behavioral of entity xil_defaultlib.shifter [shifter_default]
Compiling architecture behavioral of entity xil_defaultlib.functional_unit [functional_unit_default]
Compiling architecture behavioral of entity xil_defaultlib.datapath [datapath_default]
Compiling architecture bench of entity xil_defaultlib.datapath_tb
Built simulation snapshot datapath_tb_behav
