Vivado Simulator 2019.1
Copyright 1986-1999, 2001-2019 Xilinx, Inc. All Rights Reserved.
Running: C:/Xilinx/Vivado/2019.1/bin/unwrapped/win64.o/xelab.exe -wto 02d3940130c34339b5fefaf17c8da2d3 --incr --debug typical --relax --mt 2 -L xil_defaultlib -L secureip --snapshot register_file_tb_behav xil_defaultlib.register_file_tb -log elaborate.log 
Using 2 slave threads.
Starting static elaboration
Completed static elaboration
Starting simulation data flow analysis
Completed simulation data flow analysis
Time Resolution for simulation is 1ps
Compiling package std.standard
Compiling package std.textio
Compiling package ieee.std_logic_1164
Compiling package ieee.std_logic_arith
Compiling package ieee.std_logic_unsigned
Compiling architecture behavioral of entity xil_defaultlib.reg8 [reg8_default]
Compiling architecture behavioral of entity xil_defaultlib.decoder3to8 [decoder3to8_default]
Compiling architecture behavioral of entity xil_defaultlib.mux2_16bit [mux2_16bit_default]
Compiling architecture behavioural of entity xil_defaultlib.mux8_16bit [mux8_16bit_default]
Compiling architecture behavioral of entity xil_defaultlib.register_file [register_file_default]
Compiling architecture bench of entity xil_defaultlib.register_file_tb
Built simulation snapshot register_file_tb_behav
